2020.11.22 16:51:06:074 error: Error: The room is already occupied
    at getInfo (/Volumes/T7/projects/fish_chat_interface/src/controller/userController.ts:112:39)
    at dispatch (/Volumes/T7/projects/fish_chat_interface/node_modules/koa-compose/index.js:42:32)
    at exports.userTokenVerify (/Volumes/T7/projects/fish_chat_interface/node_modules/black-ts/dist/lib/jwt.js:15:15)
    at dispatch (/Volumes/T7/projects/fish_chat_interface/node_modules/koa-compose/index.js:42:32)
    at /Volumes/T7/projects/fish_chat_interface/node_modules/koa-router/lib/router.js:372:16
    at dispatch (/Volumes/T7/projects/fish_chat_interface/node_modules/koa-compose/index.js:42:32)
    at /Volumes/T7/projects/fish_chat_interface/node_modules/koa-compose/index.js:34:12
    at dispatch (/Volumes/T7/projects/fish_chat_interface/node_modules/koa-router/lib/router.js:377:31)
    at dispatch (/Volumes/T7/projects/fish_chat_interface/node_modules/koa-compose/index.js:42:32)
    at exports.initStore (/Volumes/T7/projects/fish_chat_interface/src/mids/index.ts:6:11)
    at dispatch (/Volumes/T7/projects/fish_chat_interface/node_modules/koa-compose/index.js:42:32)
    at /Volumes/T7/projects/fish_chat_interface/node_modules/black-ts/dist/lib/black.js:51:19
    at dispatch (/Volumes/T7/projects/fish_chat_interface/node_modules/koa-compose/index.js:42:32)
    at /Volumes/T7/projects/fish_chat_interface/node_modules/black-ts/dist/lib/util.js:29:15
    at dispatch (/Volumes/T7/projects/fish_chat_interface/node_modules/koa-compose/index.js:42:32)
    at /Volumes/T7/projects/fish_chat_interface/node_modules/koa-body/index.js:148:14
2020.11.22 17:42:37:224 error: Error: The room is already occupied
    at createRoom (/Volumes/T7/projects/fish_chat_interface/src/controller/userController.ts:68:21)
    at dispatch (/Volumes/T7/projects/fish_chat_interface/node_modules/koa-compose/index.js:42:32)
    at /Volumes/T7/projects/fish_chat_interface/node_modules/koa-router/lib/router.js:372:16
    at dispatch (/Volumes/T7/projects/fish_chat_interface/node_modules/koa-compose/index.js:42:32)
    at /Volumes/T7/projects/fish_chat_interface/node_modules/koa-compose/index.js:34:12
    at dispatch (/Volumes/T7/projects/fish_chat_interface/node_modules/koa-router/lib/router.js:377:31)
    at dispatch (/Volumes/T7/projects/fish_chat_interface/node_modules/koa-compose/index.js:42:32)
    at exports.initStore (/Volumes/T7/projects/fish_chat_interface/src/mids/index.ts:6:11)
    at dispatch (/Volumes/T7/projects/fish_chat_interface/node_modules/koa-compose/index.js:42:32)
    at /Volumes/T7/projects/fish_chat_interface/node_modules/black-ts/dist/lib/black.js:51:19
    at dispatch (/Volumes/T7/projects/fish_chat_interface/node_modules/koa-compose/index.js:42:32)
    at /Volumes/T7/projects/fish_chat_interface/node_modules/black-ts/dist/lib/util.js:29:15
    at dispatch (/Volumes/T7/projects/fish_chat_interface/node_modules/koa-compose/index.js:42:32)
    at /Volumes/T7/projects/fish_chat_interface/node_modules/koa-body/index.js:148:14
    at processTicksAndRejections (internal/process/task_queues.js:97:5)
    at exports.globalHandleError (/Volumes/T7/projects/fish_chat_interface/node_modules/black-ts/dist/lib/error.js:8:9)
2020.11.22 17:43:47:300 error: Error: The room is already occupied
    at getInfo (/Volumes/T7/projects/fish_chat_interface/src/controller/userController.ts:112:39)
    at dispatch (/Volumes/T7/projects/fish_chat_interface/node_modules/koa-compose/index.js:42:32)
    at exports.userTokenVerify (/Volumes/T7/projects/fish_chat_interface/node_modules/black-ts/dist/lib/jwt.js:15:15)
    at dispatch (/Volumes/T7/projects/fish_chat_interface/node_modules/koa-compose/index.js:42:32)
    at /Volumes/T7/projects/fish_chat_interface/node_modules/koa-router/lib/router.js:372:16
    at dispatch (/Volumes/T7/projects/fish_chat_interface/node_modules/koa-compose/index.js:42:32)
    at /Volumes/T7/projects/fish_chat_interface/node_modules/koa-compose/index.js:34:12
    at dispatch (/Volumes/T7/projects/fish_chat_interface/node_modules/koa-router/lib/router.js:377:31)
    at dispatch (/Volumes/T7/projects/fish_chat_interface/node_modules/koa-compose/index.js:42:32)
    at exports.initStore (/Volumes/T7/projects/fish_chat_interface/src/mids/index.ts:6:11)
    at dispatch (/Volumes/T7/projects/fish_chat_interface/node_modules/koa-compose/index.js:42:32)
    at /Volumes/T7/projects/fish_chat_interface/node_modules/black-ts/dist/lib/black.js:51:19
    at dispatch (/Volumes/T7/projects/fish_chat_interface/node_modules/koa-compose/index.js:42:32)
    at /Volumes/T7/projects/fish_chat_interface/node_modules/black-ts/dist/lib/util.js:29:15
    at dispatch (/Volumes/T7/projects/fish_chat_interface/node_modules/koa-compose/index.js:42:32)
    at /Volumes/T7/projects/fish_chat_interface/node_modules/koa-body/index.js:148:14
2020.11.22 19:48:52:923 error: Error: The room is already occupied
    at createRoom (/Volumes/T7/projects/fish_chat_interface/src/controller/userController.ts:68:21)
    at dispatch (/Volumes/T7/projects/fish_chat_interface/node_modules/koa-compose/index.js:42:32)
    at /Volumes/T7/projects/fish_chat_interface/node_modules/koa-router/lib/router.js:372:16
    at dispatch (/Volumes/T7/projects/fish_chat_interface/node_modules/koa-compose/index.js:42:32)
    at /Volumes/T7/projects/fish_chat_interface/node_modules/koa-compose/index.js:34:12
    at dispatch (/Volumes/T7/projects/fish_chat_interface/node_modules/koa-router/lib/router.js:377:31)
    at dispatch (/Volumes/T7/projects/fish_chat_interface/node_modules/koa-compose/index.js:42:32)
    at exports.initStore (/Volumes/T7/projects/fish_chat_interface/src/mids/index.ts:6:11)
    at dispatch (/Volumes/T7/projects/fish_chat_interface/node_modules/koa-compose/index.js:42:32)
    at /Volumes/T7/projects/fish_chat_interface/node_modules/black-ts/dist/lib/black.js:51:19
    at dispatch (/Volumes/T7/projects/fish_chat_interface/node_modules/koa-compose/index.js:42:32)
    at /Volumes/T7/projects/fish_chat_interface/node_modules/black-ts/dist/lib/util.js:29:15
    at dispatch (/Volumes/T7/projects/fish_chat_interface/node_modules/koa-compose/index.js:42:32)
    at /Volumes/T7/projects/fish_chat_interface/node_modules/koa-body/index.js:148:14
    at processTicksAndRejections (internal/process/task_queues.js:97:5)
    at exports.globalHandleError (/Volumes/T7/projects/fish_chat_interface/node_modules/black-ts/dist/lib/error.js:8:9)
2020.11.22 20:17:24:637 error: Error: The room does not exist
    at enter (/Volumes/T7/projects/fish_chat_interface/src/controller/userController.ts:40:39)
    at target.<computed> (/Volumes/T7/projects/fish_chat_interface/node_modules/black-ts/dist/lib/validator.js:25:29)
    at processTicksAndRejections (internal/process/task_queues.js:97:5)
    at exports.initStore (/Volumes/T7/projects/fish_chat_interface/src/mids/index.ts:6:5)
    at /Volumes/T7/projects/fish_chat_interface/node_modules/black-ts/dist/lib/black.js:51:13
    at /Volumes/T7/projects/fish_chat_interface/node_modules/black-ts/dist/lib/util.js:29:9
    at exports.globalHandleError (/Volumes/T7/projects/fish_chat_interface/node_modules/black-ts/dist/lib/error.js:8:9)
    at logger (/Volumes/T7/projects/fish_chat_interface/node_modules/koa-logger/index.js:67:7)
2020.11.22 20:17:31:318 error: Error: The room does not exist
    at enter (/Volumes/T7/projects/fish_chat_interface/src/controller/userController.ts:40:39)
    at target.<computed> (/Volumes/T7/projects/fish_chat_interface/node_modules/black-ts/dist/lib/validator.js:25:29)
    at processTicksAndRejections (internal/process/task_queues.js:97:5)
    at exports.initStore (/Volumes/T7/projects/fish_chat_interface/src/mids/index.ts:6:5)
    at /Volumes/T7/projects/fish_chat_interface/node_modules/black-ts/dist/lib/black.js:51:13
    at /Volumes/T7/projects/fish_chat_interface/node_modules/black-ts/dist/lib/util.js:29:9
    at exports.globalHandleError (/Volumes/T7/projects/fish_chat_interface/node_modules/black-ts/dist/lib/error.js:8:9)
    at logger (/Volumes/T7/projects/fish_chat_interface/node_modules/koa-logger/index.js:67:7)
2020.11.22 20:21:25:409 error: Error: The room does not exist
    at enter (/Volumes/T7/projects/fish_chat_interface/src/controller/userController.ts:40:39)
    at target.<computed> (/Volumes/T7/projects/fish_chat_interface/node_modules/black-ts/dist/lib/validator.js:25:29)
    at processTicksAndRejections (internal/process/task_queues.js:97:5)
    at exports.initStore (/Volumes/T7/projects/fish_chat_interface/src/mids/index.ts:6:5)
    at /Volumes/T7/projects/fish_chat_interface/node_modules/black-ts/dist/lib/black.js:51:13
    at /Volumes/T7/projects/fish_chat_interface/node_modules/black-ts/dist/lib/util.js:29:9
    at exports.globalHandleError (/Volumes/T7/projects/fish_chat_interface/node_modules/black-ts/dist/lib/error.js:8:9)
    at logger (/Volumes/T7/projects/fish_chat_interface/node_modules/koa-logger/index.js:67:7)
2020.11.22 20:26:51:812 error: Error: The room does not exist
    at enter (/Volumes/T7/projects/fish_chat_interface/src/controller/userController.ts:40:39)
    at target.<computed> (/Volumes/T7/projects/fish_chat_interface/node_modules/black-ts/dist/lib/validator.js:25:29)
    at processTicksAndRejections (internal/process/task_queues.js:97:5)
    at exports.initStore (/Volumes/T7/projects/fish_chat_interface/src/mids/index.ts:6:5)
    at /Volumes/T7/projects/fish_chat_interface/node_modules/black-ts/dist/lib/black.js:51:13
    at /Volumes/T7/projects/fish_chat_interface/node_modules/black-ts/dist/lib/util.js:29:9
    at exports.globalHandleError (/Volumes/T7/projects/fish_chat_interface/node_modules/black-ts/dist/lib/error.js:8:9)
    at logger (/Volumes/T7/projects/fish_chat_interface/node_modules/koa-logger/index.js:67:7)
2020.11.22 20:28:48:777 error: Error: The room does not exist
    at enter (/Volumes/T7/projects/fish_chat_interface/src/controller/userController.ts:40:39)
    at target.<computed> (/Volumes/T7/projects/fish_chat_interface/node_modules/black-ts/dist/lib/validator.js:25:29)
    at processTicksAndRejections (internal/process/task_queues.js:97:5)
    at exports.initStore (/Volumes/T7/projects/fish_chat_interface/src/mids/index.ts:6:5)
    at /Volumes/T7/projects/fish_chat_interface/node_modules/black-ts/dist/lib/black.js:51:13
    at /Volumes/T7/projects/fish_chat_interface/node_modules/black-ts/dist/lib/util.js:29:9
    at exports.globalHandleError (/Volumes/T7/projects/fish_chat_interface/node_modules/black-ts/dist/lib/error.js:8:9)
    at logger (/Volumes/T7/projects/fish_chat_interface/node_modules/koa-logger/index.js:67:7)
2020.11.22 20:32:37:047 error: Error: The room does not exist
    at enter (/Volumes/T7/projects/fish_chat_interface/src/controller/userController.ts:40:39)
    at target.<computed> (/Volumes/T7/projects/fish_chat_interface/node_modules/black-ts/dist/lib/validator.js:25:29)
    at processTicksAndRejections (internal/process/task_queues.js:97:5)
    at exports.initStore (/Volumes/T7/projects/fish_chat_interface/src/mids/index.ts:6:5)
    at /Volumes/T7/projects/fish_chat_interface/node_modules/black-ts/dist/lib/black.js:51:13
    at /Volumes/T7/projects/fish_chat_interface/node_modules/black-ts/dist/lib/util.js:29:9
    at exports.globalHandleError (/Volumes/T7/projects/fish_chat_interface/node_modules/black-ts/dist/lib/error.js:8:9)
    at logger (/Volumes/T7/projects/fish_chat_interface/node_modules/koa-logger/index.js:67:7)
