2020.11.22 20:34:18:762 error: uncaughtException: Cannot read property 'users' of undefined
TypeError: Cannot read property 'users' of undefined
    at Store.quitRoom (/Volumes/T7/projects/fish_chat_interface/src/store.ts:53:57)
    at disconnect (/Volumes/T7/projects/fish_chat_interface/src/io.ts:45:11)
    at Socket.<anonymous> (/Volumes/T7/projects/fish_chat_interface/src/io.ts:77:13)
    at Socket.emit (events.js:315:20)
    at Socket.EventEmitter.emit (domain.js:482:12)
    at Socket.emit (/Volumes/T7/projects/fish_chat_interface/node_modules/socket.io/lib/socket.js:142:10)
    at Socket.onclose (/Volumes/T7/projects/fish_chat_interface/node_modules/socket.io/lib/socket.js:454:8)
    at Client.onclose (/Volumes/T7/projects/fish_chat_interface/node_modules/socket.io/lib/client.js:254:24)
    at Socket.emit (events.js:327:22)
    at Socket.EventEmitter.emit (domain.js:482:12)
    at Socket.onClose (/Volumes/T7/projects/fish_chat_interface/node_modules/engine.io/lib/socket.js:318:10)
    at Object.onceWrapper (events.js:421:28)
    at WebSocket.emit (events.js:315:20)
    at WebSocket.EventEmitter.emit (domain.js:482:12)
    at WebSocket.Transport.onClose (/Volumes/T7/projects/fish_chat_interface/node_modules/engine.io/lib/transport.js:127:8)
    at Object.onceWrapper (events.js:422:26)
2020.11.22 20:51:12:749 error: uncaughtException: Cannot read property 'users' of undefined
TypeError: Cannot read property 'users' of undefined
    at Store.getUserInfo (/Volumes/T7/projects/fish_chat_interface/src/store.ts:91:48)
    at /Volumes/T7/projects/fish_chat_interface/src/io.ts:66:27
    at /Volumes/T7/projects/fish_chat_interface/node_modules/socket.io/lib/socket.js:255:11
    at processTicksAndRejections (internal/process/task_queues.js:79:11)
2020.11.22 20:55:01:666 error: uncaughtException: Cannot read property 'users' of undefined
TypeError: Cannot read property 'users' of undefined
    at Store.getUserInfo (/Volumes/T7/projects/fish_chat_interface/src/store.ts:91:48)
    at disconnect (/Volumes/T7/projects/fish_chat_interface/src/io.ts:42:33)
    at Socket.<anonymous> (/Volumes/T7/projects/fish_chat_interface/src/io.ts:82:13)
    at Socket.emit (events.js:315:20)
    at Socket.EventEmitter.emit (domain.js:482:12)
    at Socket.emit (/Volumes/T7/projects/fish_chat_interface/node_modules/socket.io/lib/socket.js:142:10)
    at Socket.onclose (/Volumes/T7/projects/fish_chat_interface/node_modules/socket.io/lib/socket.js:454:8)
    at Client.onclose (/Volumes/T7/projects/fish_chat_interface/node_modules/socket.io/lib/client.js:254:24)
    at Socket.emit (events.js:327:22)
    at Socket.EventEmitter.emit (domain.js:482:12)
    at Socket.onClose (/Volumes/T7/projects/fish_chat_interface/node_modules/engine.io/lib/socket.js:318:10)
    at Socket.onError (/Volumes/T7/projects/fish_chat_interface/node_modules/engine.io/lib/socket.js:127:8)
    at Object.onceWrapper (events.js:422:26)
    at WebSocket.emit (events.js:315:20)
    at WebSocket.EventEmitter.emit (domain.js:482:12)
    at WebSocket.Transport.onError (/Volumes/T7/projects/fish_chat_interface/node_modules/engine.io/lib/transport.js:91:10)
